<?xml version="1.0" encoding="UTF-8"?>
<testsuite xmlns:xsi="http://www.w3.org/2001/XMLSchema-instance" xsi:noNamespaceSchemaLocation="https://maven.apache.org/surefire/maven-surefire-plugin/xsd/surefire-test-report.xsd" name="runner.TestRunner" time="59.493" tests="14" errors="0" skipped="0" failures="0">
  <properties>
[...]
</properties>
  <testcase name="user creates an account with all mandatory fields" classname="Register Functionality" time="6.447"/>
  <testcase name="user creates an account with all fields" classname="Register Functionality" time="5.974"/>
  <testcase name="user creates an dupicate account" classname="Register Functionality" time="5.663"/>
  <testcase name="user creates an account without filling any details" classname="Register Functionality" time="3.403"/>
  <testcase name="User searches for an valid product" classname="Search Functionality" time="3.654"/>
  <testcase name="User searches for  an invalid product" classname="Search Functionality" time="2.716"/>
  <testcase name="User searchs without any product" classname="Search Functionality" time="2.39"/>
  <testcase name="login with valid credentials #1" classname="Login Funtionality" time="3.302"/>
  <testcase name="login with valid credentials #2" classname="Login Funtionality" time="4.56"/>
  <testcase name="login with valid credentials #3" classname="Login Funtionality" time="3.302"/>
  <testcase name="login with invalid credentials" classname="Login Funtionality" time="4.331"/>
  <testcase name="login with invalid email and valid password" classname="Login Funtionality" time="3.34"/>
  <testcase name="login with valid email and invalid password" classname="Login Funtionality" time="3.33"/>
  <testcase name="login without providing any credentials" classname="Login Funtionality" time="4.071"/>
</testsuite>